{"/home/godblaise/Desktop/fullstack/credwallet-service/src/app.ts": {"path":"/home/godblaise/Desktop/fullstack/credwallet-service/src/app.ts","statementMap":{"0":{"start":{"line":1,"column":0},"end":{"line":1,"column":30}},"1":{"start":{"line":2,"column":0},"end":{"line":2,"column":28}},"2":{"start":{"line":3,"column":0},"end":{"line":3,"column":24}},"3":{"start":{"line":4,"column":0},"end":{"line":4,"column":43}},"4":{"start":{"line":5,"column":0},"end":{"line":5,"column":46}},"5":{"start":{"line":6,"column":0},"end":{"line":6,"column":50}},"6":{"start":{"line":7,"column":0},"end":{"line":7,"column":62}},"7":{"start":{"line":8,"column":0},"end":{"line":8,"column":35}},"8":{"start":{"line":10,"column":12},"end":{"line":10,"column":21}},"9":{"start":{"line":12,"column":0},"end":{"line":12,"column":18}},"10":{"start":{"line":14,"column":0},"end":{"line":18,"column":4}},"11":{"start":{"line":20,"column":25},"end":{"line":20,"column":97}},"12":{"start":{"line":22,"column":20},"end":{"line":28,"column":2}},"13":{"start":{"line":30,"column":22},"end":{"line":36,"column":2}},"14":{"start":{"line":38,"column":0},"end":{"line":38,"column":24}},"15":{"start":{"line":40,"column":0},"end":{"line":42,"column":3}},"16":{"start":{"line":41,"column":2},"end":{"line":41,"column":84}},"17":{"start":{"line":44,"column":0},"end":{"line":44,"column":49}},"18":{"start":{"line":45,"column":0},"end":{"line":45,"column":55}},"19":{"start":{"line":47,"column":0},"end":{"line":47,"column":22}},"20":{"start":{"line":49,"column":0},"end":{"line":49,"column":19}}},"fnMap":{"0":{"name":"(anonymous_1)","decl":{"start":{"line":40,"column":19},"end":{"line":40,"column":20}},"loc":{"start":{"line":40,"column":32},"end":{"line":42,"column":1}}}},"branchMap":{"0":{"loc":{"start":{"line":15,"column":10},"end":{"line":15,"column":35}},"type":"binary-expr","locations":[{"start":{"line":15,"column":10},"end":{"line":15,"column":28}},{"start":{"line":15,"column":32},"end":{"line":15,"column":35}}]}},"s":{"0":0,"1":0,"2":0,"3":0,"4":0,"5":0,"6":0,"7":0,"8":0,"9":0,"10":0,"11":0,"12":0,"13":0,"14":0,"15":0,"16":0,"17":0,"18":0,"19":0,"20":0},"f":{"0":0},"b":{"0":[0,0]}}
,"/home/godblaise/Desktop/fullstack/credwallet-service/src/server.ts": {"path":"/home/godblaise/Desktop/fullstack/credwallet-service/src/server.ts","statementMap":{"0":{"start":{"line":1,"column":0},"end":{"line":1,"column":24}},"1":{"start":{"line":2,"column":0},"end":{"line":2,"column":35}},"2":{"start":{"line":4,"column":13},"end":{"line":4,"column":37}},"3":{"start":{"line":6,"column":0},"end":{"line":8,"column":3}},"4":{"start":{"line":7,"column":2},"end":{"line":7,"column":60}}},"fnMap":{"0":{"name":"(anonymous_1)","decl":{"start":{"line":6,"column":17},"end":{"line":6,"column":20}},"loc":{"start":{"line":6,"column":22},"end":{"line":8,"column":1}}}},"branchMap":{"0":{"loc":{"start":{"line":4,"column":13},"end":{"line":4,"column":37}},"type":"binary-expr","locations":[{"start":{"line":4,"column":13},"end":{"line":4,"column":29}},{"start":{"line":4,"column":33},"end":{"line":4,"column":37}}]}},"s":{"0":0,"1":0,"2":0,"3":0,"4":0},"f":{"0":0},"b":{"0":[0,0]}}
,"/home/godblaise/Desktop/fullstack/credwallet-service/src/config/database.ts": {"path":"/home/godblaise/Desktop/fullstack/credwallet-service/src/config/database.ts","statementMap":{"0":{"start":{"line":1,"column":0},"end":{"line":1,"column":24}},"1":{"start":{"line":2,"column":0},"end":{"line":2,"column":28}},"2":{"start":{"line":4,"column":11},"end":{"line":17,"column":2}},"3":{"start":{"line":19,"column":0},"end":{"line":19,"column":18}}},"fnMap":{},"branchMap":{},"s":{"0":2,"1":2,"2":2,"3":2},"f":{},"b":{}}
,"/home/godblaise/Desktop/fullstack/credwallet-service/src/config/env.ts": {"path":"/home/godblaise/Desktop/fullstack/credwallet-service/src/config/env.ts","statementMap":{"0":{"start":{"line":1,"column":0},"end":{"line":1,"column":24}},"1":{"start":{"line":2,"column":0},"end":{"line":2,"column":28}},"2":{"start":{"line":4,"column":0},"end":{"line":4,"column":16}},"3":{"start":{"line":6,"column":18},"end":{"line":21,"column":2}},"4":{"start":{"line":23,"column":15},"end":{"line":23,"column":47}},"5":{"start":{"line":25,"column":0},"end":{"line":31,"column":1}},"6":{"start":{"line":26,"column":2},"end":{"line":29,"column":4}},"7":{"start":{"line":28,"column":32},"end":{"line":28,"column":41}},"8":{"start":{"line":30,"column":2},"end":{"line":30,"column":18}},"9":{"start":{"line":33,"column":13},"end":{"line":33,"column":31}}},"fnMap":{"0":{"name":"(anonymous_1)","decl":{"start":{"line":28,"column":25},"end":{"line":28,"column":26}},"loc":{"start":{"line":28,"column":32},"end":{"line":28,"column":41}}}},"branchMap":{"0":{"loc":{"start":{"line":25,"column":0},"end":{"line":31,"column":1}},"type":"if","locations":[{"start":{"line":25,"column":0},"end":{"line":31,"column":1}},{"start":{},"end":{}}]}},"s":{"0":0,"1":0,"2":0,"3":0,"4":0,"5":0,"6":0,"7":0,"8":0,"9":0},"f":{"0":0},"b":{"0":[0,0]}}
,"/home/godblaise/Desktop/fullstack/credwallet-service/src/controllers/auth.controller.ts": {"path":"/home/godblaise/Desktop/fullstack/credwallet-service/src/controllers/auth.controller.ts","statementMap":{"0":{"start":{"line":2,"column":0},"end":{"line":2,"column":55}},"1":{"start":{"line":3,"column":0},"end":{"line":3,"column":53}},"2":{"start":{"line":12,"column":2},"end":{"line":15,"column":5}},"3":{"start":{"line":13,"column":19},"end":{"line":13,"column":60}},"4":{"start":{"line":14,"column":4},"end":{"line":14,"column":99}},"5":{"start":{"line":17,"column":2},"end":{"line":20,"column":5}},"6":{"start":{"line":18,"column":19},"end":{"line":18,"column":57}},"7":{"start":{"line":19,"column":4},"end":{"line":19,"column":87}},"8":{"start":{"line":9,"column":4},"end":{"line":9,"column":41}},"9":{"start":{"line":5,"column":0},"end":{"line":5,"column":13}}},"fnMap":{"0":{"name":"(anonymous_0)","decl":{"start":{"line":8,"column":2},"end":{"line":8,"column":null}},"loc":{"start":{"line":8,"column":2},"end":{"line":10,"column":3}}},"1":{"name":"(anonymous_1)","decl":{"start":{"line":12,"column":26},"end":{"line":12,"column":31}},"loc":{"start":{"line":12,"column":64},"end":{"line":15,"column":3}}},"2":{"name":"(anonymous_2)","decl":{"start":{"line":17,"column":23},"end":{"line":17,"column":28}},"loc":{"start":{"line":17,"column":61},"end":{"line":20,"column":3}}}},"branchMap":{},"s":{"0":0,"1":0,"2":0,"3":0,"4":0,"5":0,"6":0,"7":0,"8":0,"9":0},"f":{"0":0,"1":0,"2":0},"b":{}}
,"/home/godblaise/Desktop/fullstack/credwallet-service/src/controllers/wallet.controller.ts": {"path":"/home/godblaise/Desktop/fullstack/credwallet-service/src/controllers/wallet.controller.ts","statementMap":{"0":{"start":{"line":2,"column":0},"end":{"line":2,"column":59}},"1":{"start":{"line":3,"column":0},"end":{"line":3,"column":53}},"2":{"start":{"line":12,"column":2},"end":{"line":15,"column":5}},"3":{"start":{"line":13,"column":19},"end":{"line":13,"column":76}},"4":{"start":{"line":14,"column":4},"end":{"line":14,"column":97}},"5":{"start":{"line":17,"column":2},"end":{"line":20,"column":5}},"6":{"start":{"line":18,"column":19},"end":{"line":18,"column":80}},"7":{"start":{"line":19,"column":4},"end":{"line":19,"column":90}},"8":{"start":{"line":22,"column":2},"end":{"line":25,"column":5}},"9":{"start":{"line":23,"column":19},"end":{"line":23,"column":80}},"10":{"start":{"line":24,"column":4},"end":{"line":24,"column":92}},"11":{"start":{"line":27,"column":2},"end":{"line":30,"column":5}},"12":{"start":{"line":28,"column":19},"end":{"line":28,"column":72}},"13":{"start":{"line":29,"column":4},"end":{"line":29,"column":101}},"14":{"start":{"line":32,"column":2},"end":{"line":35,"column":5}},"15":{"start":{"line":33,"column":19},"end":{"line":33,"column":77}},"16":{"start":{"line":34,"column":4},"end":{"line":34,"column":106}},"17":{"start":{"line":9,"column":4},"end":{"line":9,"column":45}},"18":{"start":{"line":5,"column":0},"end":{"line":5,"column":13}}},"fnMap":{"0":{"name":"(anonymous_0)","decl":{"start":{"line":8,"column":2},"end":{"line":8,"column":null}},"loc":{"start":{"line":8,"column":2},"end":{"line":10,"column":3}}},"1":{"name":"(anonymous_1)","decl":{"start":{"line":12,"column":22},"end":{"line":12,"column":27}},"loc":{"start":{"line":12,"column":60},"end":{"line":15,"column":3}}},"2":{"name":"(anonymous_2)","decl":{"start":{"line":17,"column":26},"end":{"line":17,"column":31}},"loc":{"start":{"line":17,"column":64},"end":{"line":20,"column":3}}},"3":{"name":"(anonymous_3)","decl":{"start":{"line":22,"column":26},"end":{"line":22,"column":31}},"loc":{"start":{"line":22,"column":64},"end":{"line":25,"column":3}}},"4":{"name":"(anonymous_4)","decl":{"start":{"line":27,"column":28},"end":{"line":27,"column":33}},"loc":{"start":{"line":27,"column":66},"end":{"line":30,"column":3}}},"5":{"name":"(anonymous_5)","decl":{"start":{"line":32,"column":33},"end":{"line":32,"column":38}},"loc":{"start":{"line":32,"column":71},"end":{"line":35,"column":3}}}},"branchMap":{},"s":{"0":0,"1":0,"2":0,"3":0,"4":0,"5":0,"6":0,"7":0,"8":0,"9":0,"10":0,"11":0,"12":0,"13":0,"14":0,"15":0,"16":0,"17":0,"18":0},"f":{"0":0,"1":0,"2":0,"3":0,"4":0,"5":0},"b":{}}
,"/home/godblaise/Desktop/fullstack/credwallet-service/src/middlewares/auth.middleware.ts": {"path":"/home/godblaise/Desktop/fullstack/credwallet-service/src/middlewares/auth.middleware.ts","statementMap":{"0":{"start":{"line":2,"column":0},"end":{"line":2,"column":31}},"1":{"start":{"line":3,"column":0},"end":{"line":3,"column":36}},"2":{"start":{"line":6,"column":28},"end":{"line":23,"column":1}},"3":{"start":{"line":7,"column":21},"end":{"line":7,"column":46}},"4":{"start":{"line":9,"column":2},"end":{"line":12,"column":3}},"5":{"start":{"line":10,"column":4},"end":{"line":10,"column":79}},"6":{"start":{"line":11,"column":4},"end":{"line":11,"column":11}},"7":{"start":{"line":14,"column":16},"end":{"line":14,"column":40}},"8":{"start":{"line":16,"column":2},"end":{"line":22,"column":3}},"9":{"start":{"line":17,"column":20},"end":{"line":17,"column":73}},"10":{"start":{"line":18,"column":4},"end":{"line":18,"column":23}},"11":{"start":{"line":19,"column":4},"end":{"line":19,"column":11}},"12":{"start":{"line":21,"column":4},"end":{"line":21,"column":82}},"13":{"start":{"line":6,"column":13},"end":{"line":6,"column":28}}},"fnMap":{"0":{"name":"(anonymous_1)","decl":{"start":{"line":6,"column":28},"end":{"line":6,"column":29}},"loc":{"start":{"line":6,"column":86},"end":{"line":23,"column":1}}}},"branchMap":{"0":{"loc":{"start":{"line":9,"column":2},"end":{"line":12,"column":3}},"type":"if","locations":[{"start":{"line":9,"column":2},"end":{"line":12,"column":3}},{"start":{},"end":{}}]},"1":{"loc":{"start":{"line":9,"column":6},"end":{"line":9,"column":54}},"type":"binary-expr","locations":[{"start":{"line":9,"column":6},"end":{"line":9,"column":17}},{"start":{"line":9,"column":21},"end":{"line":9,"column":54}}]}},"s":{"0":1,"1":1,"2":1,"3":3,"4":3,"5":1,"6":1,"7":2,"8":2,"9":2,"10":1,"11":1,"12":1,"13":1},"f":{"0":3},"b":{"0":[1,2],"1":[3,2]}}
,"/home/godblaise/Desktop/fullstack/credwallet-service/src/middlewares/error.middleware.ts": {"path":"/home/godblaise/Desktop/fullstack/credwallet-service/src/middlewares/error.middleware.ts","statementMap":{"0":{"start":{"line":2,"column":0},"end":{"line":2,"column":43}},"1":{"start":{"line":4,"column":28},"end":{"line":17,"column":1}},"2":{"start":{"line":10,"column":2},"end":{"line":13,"column":3}},"3":{"start":{"line":11,"column":4},"end":{"line":11,"column":82}},"4":{"start":{"line":12,"column":4},"end":{"line":12,"column":11}},"5":{"start":{"line":15,"column":2},"end":{"line":15,"column":57}},"6":{"start":{"line":16,"column":2},"end":{"line":16,"column":84}},"7":{"start":{"line":4,"column":13},"end":{"line":4,"column":28}}},"fnMap":{"0":{"name":"(anonymous_0)","decl":{"start":{"line":4,"column":28},"end":{"line":4,"column":null}},"loc":{"start":{"line":9,"column":10},"end":{"line":17,"column":1}}}},"branchMap":{"0":{"loc":{"start":{"line":10,"column":2},"end":{"line":13,"column":3}},"type":"if","locations":[{"start":{"line":10,"column":2},"end":{"line":13,"column":3}},{"start":{},"end":{}}]}},"s":{"0":1,"1":1,"2":2,"3":1,"4":1,"5":1,"6":1,"7":1},"f":{"0":2},"b":{"0":[1,1]}}
,"/home/godblaise/Desktop/fullstack/credwallet-service/src/middlewares/validate.middleware.ts": {"path":"/home/godblaise/Desktop/fullstack/credwallet-service/src/middlewares/validate.middleware.ts","statementMap":{"0":{"start":{"line":4,"column":24},"end":{"line":20,"column":1}},"1":{"start":{"line":5,"column":2},"end":{"line":19,"column":4}},"2":{"start":{"line":6,"column":19},"end":{"line":6,"column":45}},"3":{"start":{"line":8,"column":4},"end":{"line":15,"column":5}},"4":{"start":{"line":9,"column":6},"end":{"line":13,"column":9}},"5":{"start":{"line":12,"column":44},"end":{"line":12,"column":53}},"6":{"start":{"line":14,"column":6},"end":{"line":14,"column":13}},"7":{"start":{"line":17,"column":4},"end":{"line":17,"column":27}},"8":{"start":{"line":18,"column":4},"end":{"line":18,"column":11}},"9":{"start":{"line":4,"column":13},"end":{"line":4,"column":24}}},"fnMap":{"0":{"name":"(anonymous_0)","decl":{"start":{"line":4,"column":24},"end":{"line":4,"column":25}},"loc":{"start":{"line":4,"column":47},"end":{"line":20,"column":1}}},"1":{"name":"(anonymous_1)","decl":{"start":{"line":5,"column":9},"end":{"line":5,"column":10}},"loc":{"start":{"line":5,"column":67},"end":{"line":19,"column":3}}},"2":{"name":"(anonymous_2)","decl":{"start":{"line":12,"column":37},"end":{"line":12,"column":38}},"loc":{"start":{"line":12,"column":44},"end":{"line":12,"column":53}}}},"branchMap":{"0":{"loc":{"start":{"line":8,"column":4},"end":{"line":15,"column":5}},"type":"if","locations":[{"start":{"line":8,"column":4},"end":{"line":15,"column":5}},{"start":{},"end":{}}]}},"s":{"0":1,"1":3,"2":3,"3":3,"4":1,"5":1,"6":1,"7":2,"8":2,"9":1},"f":{"0":3,"1":3,"2":1},"b":{"0":[1,2]}}
,"/home/godblaise/Desktop/fullstack/credwallet-service/src/repositories/ledger.repository.ts": {"path":"/home/godblaise/Desktop/fullstack/credwallet-service/src/repositories/ledger.repository.ts","statementMap":{"0":{"start":{"line":1,"column":0},"end":{"line":1,"column":36}},"1":{"start":{"line":2,"column":0},"end":{"line":2,"column":36}},"2":{"start":{"line":10,"column":4},"end":{"line":14,"column":7}},"3":{"start":{"line":18,"column":4},"end":{"line":20,"column":37}},"4":{"start":{"line":5,"column":0},"end":{"line":5,"column":13}}},"fnMap":{"0":{"name":"(anonymous_1)","decl":{"start":{"line":6,"column":2},"end":{"line":6,"column":7}},"loc":{"start":{"line":8,"column":12},"end":{"line":15,"column":3}}},"1":{"name":"(anonymous_2)","decl":{"start":{"line":17,"column":2},"end":{"line":17,"column":7}},"loc":{"start":{"line":17,"column":40},"end":{"line":21,"column":3}}}},"branchMap":{},"s":{"0":1,"1":1,"2":0,"3":0,"4":1},"f":{"0":0,"1":0},"b":{}}
,"/home/godblaise/Desktop/fullstack/credwallet-service/src/repositories/transaction.repository.ts": {"path":"/home/godblaise/Desktop/fullstack/credwallet-service/src/repositories/transaction.repository.ts","statementMap":{"0":{"start":{"line":1,"column":0},"end":{"line":1,"column":36}},"1":{"start":{"line":2,"column":0},"end":{"line":2,"column":36}},"2":{"start":{"line":10,"column":15},"end":{"line":10,"column":23}},"3":{"start":{"line":11,"column":4},"end":{"line":16,"column":7}},"4":{"start":{"line":17,"column":4},"end":{"line":17,"column":53}},"5":{"start":{"line":25,"column":4},"end":{"line":27,"column":50}},"6":{"start":{"line":31,"column":4},"end":{"line":31,"column":67}},"7":{"start":{"line":35,"column":4},"end":{"line":38,"column":37}},"8":{"start":{"line":5,"column":0},"end":{"line":5,"column":13}}},"fnMap":{"0":{"name":"(anonymous_1)","decl":{"start":{"line":6,"column":2},"end":{"line":6,"column":7}},"loc":{"start":{"line":8,"column":12},"end":{"line":18,"column":3}}},"1":{"name":"(anonymous_2)","decl":{"start":{"line":20,"column":2},"end":{"line":20,"column":7}},"loc":{"start":{"line":23,"column":12},"end":{"line":28,"column":3}}},"2":{"name":"(anonymous_3)","decl":{"start":{"line":30,"column":2},"end":{"line":30,"column":7}},"loc":{"start":{"line":30,"column":41},"end":{"line":32,"column":3}}},"3":{"name":"(anonymous_4)","decl":{"start":{"line":34,"column":2},"end":{"line":34,"column":7}},"loc":{"start":{"line":34,"column":40},"end":{"line":39,"column":3}}}},"branchMap":{"0":{"loc":{"start":{"line":31,"column":11},"end":{"line":31,"column":66}},"type":"binary-expr","locations":[{"start":{"line":31,"column":11},"end":{"line":31,"column":58}},{"start":{"line":31,"column":62},"end":{"line":31,"column":66}}]}},"s":{"0":1,"1":1,"2":0,"3":0,"4":0,"5":0,"6":0,"7":0,"8":1},"f":{"0":0,"1":0,"2":0,"3":0},"b":{"0":[0,0]}}
,"/home/godblaise/Desktop/fullstack/credwallet-service/src/repositories/user.repository.ts": {"path":"/home/godblaise/Desktop/fullstack/credwallet-service/src/repositories/user.repository.ts","statementMap":{"0":{"start":{"line":1,"column":0},"end":{"line":1,"column":36}},"1":{"start":{"line":2,"column":0},"end":{"line":2,"column":36}},"2":{"start":{"line":9,"column":15},"end":{"line":9,"column":23}},"3":{"start":{"line":10,"column":4},"end":{"line":15,"column":7}},"4":{"start":{"line":16,"column":4},"end":{"line":16,"column":46}},"5":{"start":{"line":20,"column":4},"end":{"line":20,"column":71}},"6":{"start":{"line":24,"column":4},"end":{"line":24,"column":74}},"7":{"start":{"line":28,"column":4},"end":{"line":28,"column":81}},"8":{"start":{"line":5,"column":0},"end":{"line":5,"column":13}}},"fnMap":{"0":{"name":"(anonymous_1)","decl":{"start":{"line":6,"column":2},"end":{"line":6,"column":7}},"loc":{"start":{"line":7,"column":76},"end":{"line":17,"column":3}}},"1":{"name":"(anonymous_2)","decl":{"start":{"line":19,"column":2},"end":{"line":19,"column":7}},"loc":{"start":{"line":19,"column":27},"end":{"line":21,"column":3}}},"2":{"name":"(anonymous_3)","decl":{"start":{"line":23,"column":2},"end":{"line":23,"column":7}},"loc":{"start":{"line":23,"column":33},"end":{"line":25,"column":3}}},"3":{"name":"(anonymous_4)","decl":{"start":{"line":27,"column":2},"end":{"line":27,"column":7}},"loc":{"start":{"line":27,"column":40},"end":{"line":29,"column":3}}}},"branchMap":{"0":{"loc":{"start":{"line":20,"column":11},"end":{"line":20,"column":70}},"type":"binary-expr","locations":[{"start":{"line":20,"column":11},"end":{"line":20,"column":62}},{"start":{"line":20,"column":66},"end":{"line":20,"column":70}}]},"1":{"loc":{"start":{"line":24,"column":11},"end":{"line":24,"column":73}},"type":"binary-expr","locations":[{"start":{"line":24,"column":11},"end":{"line":24,"column":65}},{"start":{"line":24,"column":69},"end":{"line":24,"column":73}}]},"2":{"loc":{"start":{"line":28,"column":11},"end":{"line":28,"column":80}},"type":"binary-expr","locations":[{"start":{"line":28,"column":11},"end":{"line":28,"column":72}},{"start":{"line":28,"column":76},"end":{"line":28,"column":80}}]}},"s":{"0":1,"1":1,"2":0,"3":0,"4":0,"5":0,"6":0,"7":0,"8":1},"f":{"0":0,"1":0,"2":0,"3":0},"b":{"0":[0,0],"1":[0,0],"2":[0,0]}}
,"/home/godblaise/Desktop/fullstack/credwallet-service/src/repositories/wallet.repository.ts": {"path":"/home/godblaise/Desktop/fullstack/credwallet-service/src/repositories/wallet.repository.ts","statementMap":{"0":{"start":{"line":1,"column":0},"end":{"line":1,"column":36}},"1":{"start":{"line":2,"column":0},"end":{"line":2,"column":36}},"2":{"start":{"line":7,"column":15},"end":{"line":7,"column":23}},"3":{"start":{"line":8,"column":4},"end":{"line":14,"column":7}},"4":{"start":{"line":15,"column":4},"end":{"line":15,"column":48}},"5":{"start":{"line":19,"column":4},"end":{"line":19,"column":72}},"6":{"start":{"line":23,"column":4},"end":{"line":23,"column":77}},"7":{"start":{"line":27,"column":4},"end":{"line":27,"column":84}},"8":{"start":{"line":31,"column":4},"end":{"line":31,"column":85}},"9":{"start":{"line":35,"column":4},"end":{"line":35,"column":73}},"10":{"start":{"line":39,"column":4},"end":{"line":41,"column":85}},"11":{"start":{"line":5,"column":0},"end":{"line":5,"column":13}}},"fnMap":{"0":{"name":"(anonymous_1)","decl":{"start":{"line":6,"column":2},"end":{"line":6,"column":7}},"loc":{"start":{"line":6,"column":54},"end":{"line":16,"column":3}}},"1":{"name":"(anonymous_2)","decl":{"start":{"line":18,"column":2},"end":{"line":18,"column":7}},"loc":{"start":{"line":18,"column":27},"end":{"line":20,"column":3}}},"2":{"name":"(anonymous_3)","decl":{"start":{"line":22,"column":2},"end":{"line":22,"column":7}},"loc":{"start":{"line":22,"column":36},"end":{"line":24,"column":3}}},"3":{"name":"(anonymous_4)","decl":{"start":{"line":26,"column":2},"end":{"line":26,"column":7}},"loc":{"start":{"line":26,"column":50},"end":{"line":28,"column":3}}},"4":{"name":"(anonymous_5)","decl":{"start":{"line":30,"column":2},"end":{"line":30,"column":7}},"loc":{"start":{"line":30,"column":45},"end":{"line":32,"column":3}}},"5":{"name":"(anonymous_6)","decl":{"start":{"line":34,"column":2},"end":{"line":34,"column":7}},"loc":{"start":{"line":34,"column":50},"end":{"line":36,"column":3}}},"6":{"name":"(anonymous_7)","decl":{"start":{"line":38,"column":2},"end":{"line":38,"column":7}},"loc":{"start":{"line":38,"column":58},"end":{"line":42,"column":3}}}},"branchMap":{"0":{"loc":{"start":{"line":19,"column":11},"end":{"line":19,"column":71}},"type":"binary-expr","locations":[{"start":{"line":19,"column":11},"end":{"line":19,"column":63}},{"start":{"line":19,"column":67},"end":{"line":19,"column":71}}]},"1":{"loc":{"start":{"line":23,"column":11},"end":{"line":23,"column":76}},"type":"binary-expr","locations":[{"start":{"line":23,"column":11},"end":{"line":23,"column":68}},{"start":{"line":23,"column":72},"end":{"line":23,"column":76}}]},"2":{"loc":{"start":{"line":27,"column":11},"end":{"line":27,"column":83}},"type":"binary-expr","locations":[{"start":{"line":27,"column":11},"end":{"line":27,"column":75}},{"start":{"line":27,"column":79},"end":{"line":27,"column":83}}]},"3":{"loc":{"start":{"line":31,"column":11},"end":{"line":31,"column":84}},"type":"binary-expr","locations":[{"start":{"line":31,"column":11},"end":{"line":31,"column":76}},{"start":{"line":31,"column":80},"end":{"line":31,"column":84}}]},"4":{"loc":{"start":{"line":35,"column":11},"end":{"line":35,"column":72}},"type":"binary-expr","locations":[{"start":{"line":35,"column":11},"end":{"line":35,"column":64}},{"start":{"line":35,"column":68},"end":{"line":35,"column":72}}]}},"s":{"0":2,"1":2,"2":0,"3":0,"4":0,"5":0,"6":0,"7":0,"8":0,"9":0,"10":0,"11":2},"f":{"0":0,"1":0,"2":0,"3":0,"4":0,"5":0,"6":0},"b":{"0":[0,0],"1":[0,0],"2":[0,0],"3":[0,0],"4":[0,0]}}
,"/home/godblaise/Desktop/fullstack/credwallet-service/src/routes/auth.routes.ts": {"path":"/home/godblaise/Desktop/fullstack/credwallet-service/src/routes/auth.routes.ts","statementMap":{"0":{"start":{"line":1,"column":0},"end":{"line":1,"column":33}},"1":{"start":{"line":2,"column":0},"end":{"line":2,"column":64}},"2":{"start":{"line":3,"column":0},"end":{"line":3,"column":62}},"3":{"start":{"line":4,"column":0},"end":{"line":4,"column":60}},"4":{"start":{"line":6,"column":15},"end":{"line":6,"column":23}},"5":{"start":{"line":7,"column":23},"end":{"line":7,"column":43}},"6":{"start":{"line":9,"column":0},"end":{"line":9,"column":76}},"7":{"start":{"line":10,"column":0},"end":{"line":10,"column":67}},"8":{"start":{"line":12,"column":0},"end":{"line":12,"column":22}}},"fnMap":{},"branchMap":{},"s":{"0":0,"1":0,"2":0,"3":0,"4":0,"5":0,"6":0,"7":0,"8":0},"f":{},"b":{}}
,"/home/godblaise/Desktop/fullstack/credwallet-service/src/routes/wallet.routes.ts": {"path":"/home/godblaise/Desktop/fullstack/credwallet-service/src/routes/wallet.routes.ts","statementMap":{"0":{"start":{"line":1,"column":0},"end":{"line":1,"column":33}},"1":{"start":{"line":2,"column":0},"end":{"line":2,"column":68}},"2":{"start":{"line":3,"column":0},"end":{"line":3,"column":62}},"3":{"start":{"line":4,"column":0},"end":{"line":4,"column":62}},"4":{"start":{"line":5,"column":0},"end":{"line":5,"column":81}},"5":{"start":{"line":7,"column":15},"end":{"line":7,"column":23}},"6":{"start":{"line":8,"column":25},"end":{"line":8,"column":47}},"7":{"start":{"line":10,"column":0},"end":{"line":10,"column":25}},"8":{"start":{"line":12,"column":0},"end":{"line":12,"column":52}},"9":{"start":{"line":13,"column":0},"end":{"line":13,"column":62}},"10":{"start":{"line":14,"column":0},"end":{"line":14,"column":72}},"11":{"start":{"line":15,"column":0},"end":{"line":15,"column":78}},"12":{"start":{"line":16,"column":0},"end":{"line":16,"column":78}},"13":{"start":{"line":18,"column":0},"end":{"line":18,"column":22}}},"fnMap":{},"branchMap":{},"s":{"0":0,"1":0,"2":0,"3":0,"4":0,"5":0,"6":0,"7":0,"8":0,"9":0,"10":0,"11":0,"12":0,"13":0},"f":{},"b":{}}
,"/home/godblaise/Desktop/fullstack/credwallet-service/src/services/karma.service.ts": {"path":"/home/godblaise/Desktop/fullstack/credwallet-service/src/services/karma.service.ts","statementMap":{"0":{"start":{"line":1,"column":0},"end":{"line":1,"column":36}},"1":{"start":{"line":2,"column":0},"end":{"line":2,"column":43}},"2":{"start":{"line":9,"column":4},"end":{"line":9,"column":40}},"3":{"start":{"line":10,"column":4},"end":{"line":10,"column":38}},"4":{"start":{"line":14,"column":49},"end":{"line":17,"column":6}},"5":{"start":{"line":18,"column":4},"end":{"line":18,"column":48}},"6":{"start":{"line":22,"column":4},"end":{"line":37,"column":5}},"7":{"start":{"line":23,"column":23},"end":{"line":31,"column":null}},"8":{"start":{"line":33,"column":20},"end":{"line":33,"column":41}},"9":{"start":{"line":34,"column":6},"end":{"line":34,"column":63}},"10":{"start":{"line":36,"column":6},"end":{"line":36,"column":83}},"11":{"start":{"line":4,"column":0},"end":{"line":4,"column":13}}},"fnMap":{"0":{"name":"(anonymous_0)","decl":{"start":{"line":8,"column":2},"end":{"line":8,"column":null}},"loc":{"start":{"line":8,"column":2},"end":{"line":11,"column":3}}},"1":{"name":"(anonymous_1)","decl":{"start":{"line":13,"column":2},"end":{"line":13,"column":7}},"loc":{"start":{"line":13,"column":50},"end":{"line":19,"column":3}}},"2":{"name":"(anonymous_2)","decl":{"start":{"line":21,"column":10},"end":{"line":21,"column":15}},"loc":{"start":{"line":21,"column":46},"end":{"line":38,"column":3}}}},"branchMap":{"0":{"loc":{"start":{"line":18,"column":11},"end":{"line":18,"column":47}},"type":"binary-expr","locations":[{"start":{"line":18,"column":11},"end":{"line":18,"column":27}},{"start":{"line":18,"column":31},"end":{"line":18,"column":47}}]},"1":{"loc":{"start":{"line":34,"column":13},"end":{"line":34,"column":62}},"type":"binary-expr","locations":[{"start":{"line":34,"column":13},"end":{"line":34,"column":39}},{"start":{"line":34,"column":43},"end":{"line":34,"column":62}}]}},"s":{"0":2,"1":2,"2":3,"3":3,"4":4,"5":2,"6":8,"7":8,"8":4,"9":4,"10":4,"11":2},"f":{"0":3,"1":4,"2":8},"b":{"0":[2,1],"1":[4,2]}}
,"/home/godblaise/Desktop/fullstack/credwallet-service/src/services/user.service.ts": {"path":"/home/godblaise/Desktop/fullstack/credwallet-service/src/services/user.service.ts","statementMap":{"0":{"start":{"line":1,"column":0},"end":{"line":1,"column":30}},"1":{"start":{"line":2,"column":0},"end":{"line":2,"column":31}},"2":{"start":{"line":3,"column":0},"end":{"line":3,"column":65}},"3":{"start":{"line":4,"column":0},"end":{"line":4,"column":69}},"4":{"start":{"line":5,"column":0},"end":{"line":5,"column":47}},"5":{"start":{"line":7,"column":0},"end":{"line":7,"column":36}},"6":{"start":{"line":8,"column":0},"end":{"line":8,"column":87}},"7":{"start":{"line":9,"column":0},"end":{"line":9,"column":43}},"8":{"start":{"line":17,"column":4},"end":{"line":17,"column":47}},"9":{"start":{"line":18,"column":4},"end":{"line":18,"column":51}},"10":{"start":{"line":19,"column":4},"end":{"line":19,"column":43}},"11":{"start":{"line":23,"column":26},"end":{"line":23,"column":78}},"12":{"start":{"line":24,"column":4},"end":{"line":24,"column":71}},"13":{"start":{"line":24,"column":23},"end":{"line":24,"column":71}},"14":{"start":{"line":26,"column":26},"end":{"line":26,"column":85}},"15":{"start":{"line":27,"column":4},"end":{"line":27,"column":78}},"16":{"start":{"line":27,"column":23},"end":{"line":27,"column":78}},"17":{"start":{"line":29,"column":26},"end":{"line":29,"column":100}},"18":{"start":{"line":30,"column":4},"end":{"line":30,"column":74}},"19":{"start":{"line":30,"column":23},"end":{"line":30,"column":74}},"20":{"start":{"line":32,"column":26},"end":{"line":32,"column":65}},"21":{"start":{"line":34,"column":17},"end":{"line":40,"column":6}},"22":{"start":{"line":42,"column":27},"end":{"line":42,"column":50}},"23":{"start":{"line":43,"column":19},"end":{"line":43,"column":78}},"24":{"start":{"line":45,"column":4},"end":{"line":45,"column":72}},"25":{"start":{"line":49,"column":17},"end":{"line":49,"column":69}},"26":{"start":{"line":50,"column":4},"end":{"line":50,"column":68}},"27":{"start":{"line":50,"column":15},"end":{"line":50,"column":68}},"28":{"start":{"line":52,"column":4},"end":{"line":52,"column":75}},"29":{"start":{"line":52,"column":25},"end":{"line":52,"column":75}},"30":{"start":{"line":54,"column":20},"end":{"line":54,"column":78}},"31":{"start":{"line":55,"column":4},"end":{"line":55,"column":71}},"32":{"start":{"line":55,"column":18},"end":{"line":55,"column":71}},"33":{"start":{"line":57,"column":18},"end":{"line":60,"column":null}},"34":{"start":{"line":63,"column":4},"end":{"line":63,"column":47}},"35":{"start":{"line":11,"column":0},"end":{"line":11,"column":13}}},"fnMap":{"0":{"name":"(anonymous_1)","decl":{"start":{"line":16,"column":2},"end":{"line":16,"column":null}},"loc":{"start":{"line":16,"column":2},"end":{"line":20,"column":3}}},"1":{"name":"(anonymous_2)","decl":{"start":{"line":22,"column":2},"end":{"line":22,"column":7}},"loc":{"start":{"line":22,"column":43},"end":{"line":46,"column":3}}},"2":{"name":"(anonymous_3)","decl":{"start":{"line":48,"column":2},"end":{"line":48,"column":7}},"loc":{"start":{"line":48,"column":35},"end":{"line":64,"column":3}}}},"branchMap":{"0":{"loc":{"start":{"line":24,"column":4},"end":{"line":24,"column":71}},"type":"if","locations":[{"start":{"line":24,"column":4},"end":{"line":24,"column":71}},{"start":{},"end":{}}]},"1":{"loc":{"start":{"line":27,"column":4},"end":{"line":27,"column":78}},"type":"if","locations":[{"start":{"line":27,"column":4},"end":{"line":27,"column":78}},{"start":{},"end":{}}]},"2":{"loc":{"start":{"line":30,"column":4},"end":{"line":30,"column":74}},"type":"if","locations":[{"start":{"line":30,"column":4},"end":{"line":30,"column":74}},{"start":{},"end":{}}]},"3":{"loc":{"start":{"line":50,"column":4},"end":{"line":50,"column":68}},"type":"if","locations":[{"start":{"line":50,"column":4},"end":{"line":50,"column":68}},{"start":{},"end":{}}]},"4":{"loc":{"start":{"line":52,"column":4},"end":{"line":52,"column":75}},"type":"if","locations":[{"start":{"line":52,"column":4},"end":{"line":52,"column":75}},{"start":{},"end":{}}]},"5":{"loc":{"start":{"line":55,"column":4},"end":{"line":55,"column":71}},"type":"if","locations":[{"start":{"line":55,"column":4},"end":{"line":55,"column":71}},{"start":{},"end":{}}]}},"s":{"0":1,"1":1,"2":1,"3":1,"4":1,"5":1,"6":1,"7":1,"8":8,"9":8,"10":8,"11":4,"12":4,"13":1,"14":3,"15":3,"16":1,"17":2,"18":2,"19":1,"20":1,"21":1,"22":1,"23":1,"24":1,"25":4,"26":4,"27":1,"28":3,"29":1,"30":2,"31":2,"32":1,"33":1,"34":1,"35":1},"f":{"0":8,"1":4,"2":4},"b":{"0":[1,3],"1":[1,2],"2":[1,1],"3":[1,3],"4":[1,2],"5":[1,1]}}
,"/home/godblaise/Desktop/fullstack/credwallet-service/src/services/wallet.service.ts": {"path":"/home/godblaise/Desktop/fullstack/credwallet-service/src/services/wallet.service.ts","statementMap":{"0":{"start":{"line":1,"column":0},"end":{"line":1,"column":36}},"1":{"start":{"line":2,"column":0},"end":{"line":2,"column":69}},"2":{"start":{"line":3,"column":0},"end":{"line":3,"column":79}},"3":{"start":{"line":4,"column":0},"end":{"line":4,"column":69}},"4":{"start":{"line":11,"column":0},"end":{"line":11,"column":64}},"5":{"start":{"line":12,"column":0},"end":{"line":12,"column":43}},"6":{"start":{"line":20,"column":4},"end":{"line":20,"column":51}},"7":{"start":{"line":21,"column":4},"end":{"line":21,"column":61}},"8":{"start":{"line":22,"column":4},"end":{"line":22,"column":51}},"9":{"start":{"line":26,"column":19},"end":{"line":26,"column":67}},"10":{"start":{"line":27,"column":4},"end":{"line":27,"column":61}},"11":{"start":{"line":27,"column":17},"end":{"line":27,"column":61}},"12":{"start":{"line":28,"column":4},"end":{"line":28,"column":18}},"13":{"start":{"line":36,"column":4},"end":{"line":41,"column":5}},"14":{"start":{"line":37,"column":6},"end":{"line":40,"column":8}},"15":{"start":{"line":45,"column":4},"end":{"line":102,"column":7}},"16":{"start":{"line":46,"column":21},"end":{"line":46,"column":56}},"17":{"start":{"line":48,"column":26},"end":{"line":58,"column":null}},"18":{"start":{"line":61,"column":27},"end":{"line":63,"column":null}},"19":{"start":{"line":65,"column":6},"end":{"line":65,"column":69}},"20":{"start":{"line":65,"column":25},"end":{"line":65,"column":69}},"21":{"start":{"line":67,"column":28},"end":{"line":67,"column":56}},"22":{"start":{"line":68,"column":27},"end":{"line":68,"column":57}},"23":{"start":{"line":70,"column":6},"end":{"line":70,"column":80}},"24":{"start":{"line":72,"column":6},"end":{"line":82,"column":8}},"25":{"start":{"line":83,"column":6},"end":{"line":93,"column":8}},"26":{"start":{"line":95,"column":6},"end":{"line":99,"column":8}},"27":{"start":{"line":101,"column":6},"end":{"line":101,"column":39}},"28":{"start":{"line":106,"column":4},"end":{"line":197,"column":7}},"29":{"start":{"line":107,"column":27},"end":{"line":107,"column":62}},"30":{"start":{"line":109,"column":30},"end":{"line":110,"column":null}},"31":{"start":{"line":112,"column":6},"end":{"line":113,"column":62}},"32":{"start":{"line":113,"column":8},"end":{"line":113,"column":62}},"33":{"start":{"line":115,"column":6},"end":{"line":117,"column":7}},"34":{"start":{"line":116,"column":8},"end":{"line":116,"column":70}},"35":{"start":{"line":119,"column":26},"end":{"line":129,"column":null}},"36":{"start":{"line":132,"column":34},"end":{"line":132,"column":78}},"37":{"start":{"line":133,"column":26},"end":{"line":135,"column":null}},"38":{"start":{"line":137,"column":27},"end":{"line":139,"column":null}},"39":{"start":{"line":143,"column":8},"end":{"line":143,"column":74}},"40":{"start":{"line":145,"column":8},"end":{"line":145,"column":77}},"41":{"start":{"line":147,"column":34},"end":{"line":147,"column":62}},"42":{"start":{"line":148,"column":37},"end":{"line":148,"column":68}},"43":{"start":{"line":150,"column":6},"end":{"line":154,"column":8}},"44":{"start":{"line":156,"column":6},"end":{"line":160,"column":8}},"45":{"start":{"line":161,"column":6},"end":{"line":165,"column":8}},"46":{"start":{"line":167,"column":6},"end":{"line":177,"column":8}},"47":{"start":{"line":178,"column":6},"end":{"line":188,"column":8}},"48":{"start":{"line":190,"column":6},"end":{"line":194,"column":8}},"49":{"start":{"line":196,"column":6},"end":{"line":196,"column":63}},"50":{"start":{"line":201,"column":4},"end":{"line":267,"column":7}},"51":{"start":{"line":202,"column":21},"end":{"line":202,"column":56}},"52":{"start":{"line":204,"column":26},"end":{"line":214,"column":null}},"53":{"start":{"line":217,"column":27},"end":{"line":219,"column":null}},"54":{"start":{"line":221,"column":6},"end":{"line":221,"column":69}},"55":{"start":{"line":221,"column":25},"end":{"line":221,"column":69}},"56":{"start":{"line":223,"column":28},"end":{"line":223,"column":56}},"57":{"start":{"line":225,"column":6},"end":{"line":229,"column":8}},"58":{"start":{"line":231,"column":6},"end":{"line":235,"column":8}},"59":{"start":{"line":237,"column":6},"end":{"line":247,"column":8}},"60":{"start":{"line":248,"column":6},"end":{"line":258,"column":8}},"61":{"start":{"line":260,"column":6},"end":{"line":264,"column":8}},"62":{"start":{"line":266,"column":6},"end":{"line":266,"column":57}},"63":{"start":{"line":271,"column":19},"end":{"line":271,"column":54}},"64":{"start":{"line":272,"column":4},"end":{"line":276,"column":6}},"65":{"start":{"line":280,"column":19},"end":{"line":280,"column":54}},"66":{"start":{"line":281,"column":4},"end":{"line":281,"column":64}},"67":{"start":{"line":14,"column":0},"end":{"line":14,"column":13}}},"fnMap":{"0":{"name":"(anonymous_1)","decl":{"start":{"line":19,"column":2},"end":{"line":19,"column":null}},"loc":{"start":{"line":19,"column":2},"end":{"line":23,"column":3}}},"1":{"name":"(anonymous_2)","decl":{"start":{"line":25,"column":10},"end":{"line":25,"column":15}},"loc":{"start":{"line":25,"column":47},"end":{"line":29,"column":3}}},"2":{"name":"(anonymous_3)","decl":{"start":{"line":31,"column":10},"end":{"line":31,"column":33}},"loc":{"start":{"line":34,"column":19},"end":{"line":42,"column":3}}},"3":{"name":"(anonymous_4)","decl":{"start":{"line":44,"column":2},"end":{"line":44,"column":7}},"loc":{"start":{"line":44,"column":55},"end":{"line":103,"column":3}}},"4":{"name":"(anonymous_5)","decl":{"start":{"line":45,"column":26},"end":{"line":45,"column":31}},"loc":{"start":{"line":45,"column":40},"end":{"line":102,"column":5}}},"5":{"name":"(anonymous_6)","decl":{"start":{"line":105,"column":2},"end":{"line":105,"column":7}},"loc":{"start":{"line":105,"column":57},"end":{"line":198,"column":3}}},"6":{"name":"(anonymous_7)","decl":{"start":{"line":106,"column":26},"end":{"line":106,"column":31}},"loc":{"start":{"line":106,"column":40},"end":{"line":197,"column":5}}},"7":{"name":"(anonymous_8)","decl":{"start":{"line":200,"column":2},"end":{"line":200,"column":7}},"loc":{"start":{"line":200,"column":57},"end":{"line":268,"column":3}}},"8":{"name":"(anonymous_9)","decl":{"start":{"line":201,"column":26},"end":{"line":201,"column":31}},"loc":{"start":{"line":201,"column":40},"end":{"line":267,"column":5}}},"9":{"name":"(anonymous_10)","decl":{"start":{"line":270,"column":2},"end":{"line":270,"column":7}},"loc":{"start":{"line":270,"column":33},"end":{"line":277,"column":3}}},"10":{"name":"(anonymous_11)","decl":{"start":{"line":279,"column":2},"end":{"line":279,"column":7}},"loc":{"start":{"line":279,"column":38},"end":{"line":282,"column":3}}}},"branchMap":{"0":{"loc":{"start":{"line":27,"column":4},"end":{"line":27,"column":61}},"type":"if","locations":[{"start":{"line":27,"column":4},"end":{"line":27,"column":61}},{"start":{},"end":{}}]},"1":{"loc":{"start":{"line":36,"column":4},"end":{"line":41,"column":5}},"type":"if","locations":[{"start":{"line":36,"column":4},"end":{"line":41,"column":5}},{"start":{},"end":{}}]},"2":{"loc":{"start":{"line":65,"column":6},"end":{"line":65,"column":69}},"type":"if","locations":[{"start":{"line":65,"column":6},"end":{"line":65,"column":69}},{"start":{},"end":{}}]},"3":{"loc":{"start":{"line":112,"column":6},"end":{"line":113,"column":62}},"type":"if","locations":[{"start":{"line":112,"column":6},"end":{"line":113,"column":62}},{"start":{},"end":{}}]},"4":{"loc":{"start":{"line":115,"column":6},"end":{"line":117,"column":7}},"type":"if","locations":[{"start":{"line":115,"column":6},"end":{"line":117,"column":7}},{"start":{},"end":{}}]},"5":{"loc":{"start":{"line":127,"column":23},"end":{"line":127,"column":63}},"type":"binary-expr","locations":[{"start":{"line":127,"column":23},"end":{"line":127,"column":42}},{"start":{"line":127,"column":46},"end":{"line":127,"column":63}}]},"6":{"loc":{"start":{"line":143,"column":8},"end":{"line":143,"column":74}},"type":"cond-expr","locations":[{"start":{"line":143,"column":46},"end":{"line":143,"column":58}},{"start":{"line":143,"column":61},"end":{"line":143,"column":74}}]},"7":{"loc":{"start":{"line":145,"column":8},"end":{"line":145,"column":77}},"type":"cond-expr","locations":[{"start":{"line":145,"column":49},"end":{"line":145,"column":61}},{"start":{"line":145,"column":64},"end":{"line":145,"column":77}}]},"8":{"loc":{"start":{"line":212,"column":23},"end":{"line":212,"column":65}},"type":"binary-expr","locations":[{"start":{"line":212,"column":23},"end":{"line":212,"column":42}},{"start":{"line":212,"column":46},"end":{"line":212,"column":65}}]},"9":{"loc":{"start":{"line":221,"column":6},"end":{"line":221,"column":69}},"type":"if","locations":[{"start":{"line":221,"column":6},"end":{"line":221,"column":69}},{"start":{},"end":{}}]}},"s":{"0":1,"1":1,"2":1,"3":1,"4":1,"5":1,"6":14,"7":14,"8":14,"9":14,"10":14,"11":2,"12":12,"13":5,"14":2,"15":2,"16":2,"17":2,"18":2,"19":2,"20":1,"21":1,"22":1,"23":1,"24":1,"25":1,"26":1,"27":1,"28":5,"29":5,"30":5,"31":5,"32":1,"33":4,"34":1,"35":3,"36":3,"37":3,"38":3,"39":3,"40":3,"41":3,"42":3,"43":3,"44":2,"45":2,"46":2,"47":2,"48":2,"49":2,"50":3,"51":3,"52":3,"53":3,"54":3,"55":1,"56":2,"57":2,"58":1,"59":1,"60":1,"61":1,"62":1,"63":2,"64":1,"65":2,"66":1,"67":1},"f":{"0":14,"1":14,"2":5,"3":2,"4":2,"5":5,"6":5,"7":3,"8":3,"9":2,"10":2},"b":{"0":[2,12],"1":[2,3],"2":[1,1],"3":[1,4],"4":[1,3],"5":[3,3],"6":[2,1],"7":[1,2],"8":[3,3],"9":[1,2]}}
,"/home/godblaise/Desktop/fullstack/credwallet-service/src/types/express.d.ts": {"path":"/home/godblaise/Desktop/fullstack/credwallet-service/src/types/express.d.ts","statementMap":{},"fnMap":{},"branchMap":{},"s":{},"f":{},"b":{}}
,"/home/godblaise/Desktop/fullstack/credwallet-service/src/utils/asyncHandler.ts": {"path":"/home/godblaise/Desktop/fullstack/credwallet-service/src/utils/asyncHandler.ts","statementMap":{"0":{"start":{"line":3,"column":28},"end":{"line":9,"column":1}},"1":{"start":{"line":6,"column":2},"end":{"line":8,"column":4}},"2":{"start":{"line":7,"column":4},"end":{"line":7,"column":35}},"3":{"start":{"line":3,"column":13},"end":{"line":3,"column":28}}},"fnMap":{"0":{"name":"(anonymous_0)","decl":{"start":{"line":3,"column":28},"end":{"line":3,"column":null}},"loc":{"start":{"line":5,"column":4},"end":{"line":9,"column":1}}},"1":{"name":"(anonymous_1)","decl":{"start":{"line":6,"column":9},"end":{"line":6,"column":10}},"loc":{"start":{"line":6,"column":61},"end":{"line":8,"column":3}}}},"branchMap":{},"s":{"0":0,"1":0,"2":0,"3":0},"f":{"0":0,"1":0},"b":{}}
,"/home/godblaise/Desktop/fullstack/credwallet-service/src/utils/errors.ts": {"path":"/home/godblaise/Desktop/fullstack/credwallet-service/src/utils/errors.ts","statementMap":{"0":{"start":{"line":6,"column":4},"end":{"line":6,"column":19}},"1":{"start":{"line":3,"column":20},"end":{"line":3,"column":38}},"2":{"start":{"line":7,"column":4},"end":{"line":7,"column":27}},"3":{"start":{"line":1,"column":0},"end":{"line":1,"column":13}}},"fnMap":{"0":{"name":"(anonymous_0)","decl":{"start":{"line":2,"column":2},"end":{"line":2,"column":null}},"loc":{"start":{"line":4,"column":19},"end":{"line":8,"column":3}}}},"branchMap":{},"s":{"0":19,"1":19,"2":19,"3":5},"f":{"0":19},"b":{}}
,"/home/godblaise/Desktop/fullstack/credwallet-service/src/utils/helpers.ts": {"path":"/home/godblaise/Desktop/fullstack/credwallet-service/src/utils/helpers.ts","statementMap":{"0":{"start":{"line":1,"column":0},"end":{"line":1,"column":36}},"1":{"start":{"line":4,"column":37},"end":{"line":10,"column":1}},"2":{"start":{"line":5,"column":17},"end":{"line":5,"column":20}},"3":{"start":{"line":6,"column":23},"end":{"line":8,"column":21}},"4":{"start":{"line":9,"column":2},"end":{"line":9,"column":36}},"5":{"start":{"line":4,"column":13},"end":{"line":4,"column":37}},"6":{"start":{"line":12,"column":44},"end":{"line":14,"column":1}},"7":{"start":{"line":13,"column":2},"end":{"line":13,"column":72}},"8":{"start":{"line":12,"column":13},"end":{"line":12,"column":44}},"9":{"start":{"line":16,"column":28},"end":{"line":22,"column":1}},"10":{"start":{"line":17,"column":54},"end":{"line":17,"column":58}},"11":{"start":{"line":18,"column":2},"end":{"line":21,"column":4}},"12":{"start":{"line":16,"column":13},"end":{"line":16,"column":28}},"13":{"start":{"line":24,"column":30},"end":{"line":29,"column":2}},"14":{"start":{"line":24,"column":68},"end":{"line":29,"column":2}},"15":{"start":{"line":24,"column":13},"end":{"line":24,"column":30}}},"fnMap":{"0":{"name":"(anonymous_0)","decl":{"start":{"line":4,"column":37},"end":{"line":4,"column":48}},"loc":{"start":{"line":4,"column":50},"end":{"line":10,"column":1}}},"1":{"name":"(anonymous_1)","decl":{"start":{"line":12,"column":44},"end":{"line":12,"column":55}},"loc":{"start":{"line":12,"column":57},"end":{"line":14,"column":1}}},"2":{"name":"(anonymous_2)","decl":{"start":{"line":16,"column":28},"end":{"line":16,"column":29}},"loc":{"start":{"line":16,"column":58},"end":{"line":22,"column":1}}},"3":{"name":"(anonymous_3)","decl":{"start":{"line":24,"column":30},"end":{"line":24,"column":31}},"loc":{"start":{"line":24,"column":68},"end":{"line":29,"column":2}}}},"branchMap":{},"s":{"0":3,"1":3,"2":4,"3":4,"4":4,"5":3,"6":3,"7":11,"8":3,"9":3,"10":5,"11":5,"12":3,"13":3,"14":4,"15":3},"f":{"0":4,"1":11,"2":5,"3":4},"b":{}}
,"/home/godblaise/Desktop/fullstack/credwallet-service/src/validators/index.ts": {"path":"/home/godblaise/Desktop/fullstack/credwallet-service/src/validators/index.ts","statementMap":{"0":{"start":{"line":1,"column":0},"end":{"line":1,"column":24}},"1":{"start":{"line":3,"column":13},"end":{"line":9,"column":3}},"2":{"start":{"line":11,"column":13},"end":{"line":14,"column":3}},"3":{"start":{"line":16,"column":13},"end":{"line":18,"column":3}},"4":{"start":{"line":20,"column":13},"end":{"line":24,"column":3}},"5":{"start":{"line":26,"column":13},"end":{"line":29,"column":3}}},"fnMap":{},"branchMap":{},"s":{"0":1,"1":1,"2":1,"3":1,"4":1,"5":1},"f":{},"b":{}}
}
