TN:
SF:src/app.ts
FN:40,(anonymous_1)
FNF:1
FNH:0
FNDA:0,(anonymous_1)
DA:1,0
DA:2,0
DA:3,0
DA:4,0
DA:5,0
DA:6,0
DA:7,0
DA:8,0
DA:10,0
DA:12,0
DA:14,0
DA:20,0
DA:22,0
DA:30,0
DA:38,0
DA:40,0
DA:41,0
DA:44,0
DA:45,0
DA:47,0
DA:49,0
LF:21
LH:0
BRDA:15,0,0,0
BRDA:15,0,1,0
BRF:2
BRH:0
end_of_record
TN:
SF:src/server.ts
FN:6,(anonymous_1)
FNF:1
FNH:0
FNDA:0,(anonymous_1)
DA:1,0
DA:2,0
DA:4,0
DA:6,0
DA:7,0
LF:5
LH:0
BRDA:4,0,0,0
BRDA:4,0,1,0
BRF:2
BRH:0
end_of_record
TN:
SF:src/config/database.ts
FNF:0
FNH:0
DA:1,2
DA:2,2
DA:4,2
DA:19,2
LF:4
LH:4
BRF:0
BRH:0
end_of_record
TN:
SF:src/config/env.ts
FN:28,(anonymous_1)
FNF:1
FNH:0
FNDA:0,(anonymous_1)
DA:1,0
DA:2,0
DA:4,0
DA:6,0
DA:23,0
DA:25,0
DA:26,0
DA:28,0
DA:30,0
DA:33,0
LF:10
LH:0
BRDA:25,0,0,0
BRDA:25,0,1,0
BRF:2
BRH:0
end_of_record
TN:
SF:src/controllers/auth.controller.ts
FN:8,(anonymous_0)
FN:12,(anonymous_1)
FN:17,(anonymous_2)
FNF:3
FNH:0
FNDA:0,(anonymous_0)
FNDA:0,(anonymous_1)
FNDA:0,(anonymous_2)
DA:2,0
DA:3,0
DA:5,0
DA:9,0
DA:12,0
DA:13,0
DA:14,0
DA:17,0
DA:18,0
DA:19,0
LF:10
LH:0
BRF:0
BRH:0
end_of_record
TN:
SF:src/controllers/wallet.controller.ts
FN:8,(anonymous_0)
FN:12,(anonymous_1)
FN:17,(anonymous_2)
FN:22,(anonymous_3)
FN:27,(anonymous_4)
FN:32,(anonymous_5)
FNF:6
FNH:0
FNDA:0,(anonymous_0)
FNDA:0,(anonymous_1)
FNDA:0,(anonymous_2)
FNDA:0,(anonymous_3)
FNDA:0,(anonymous_4)
FNDA:0,(anonymous_5)
DA:2,0
DA:3,0
DA:5,0
DA:9,0
DA:12,0
DA:13,0
DA:14,0
DA:17,0
DA:18,0
DA:19,0
DA:22,0
DA:23,0
DA:24,0
DA:27,0
DA:28,0
DA:29,0
DA:32,0
DA:33,0
DA:34,0
LF:19
LH:0
BRF:0
BRH:0
end_of_record
TN:
SF:src/middlewares/auth.middleware.ts
FN:6,(anonymous_1)
FNF:1
FNH:1
FNDA:3,(anonymous_1)
DA:2,1
DA:3,1
DA:6,1
DA:7,3
DA:9,3
DA:10,1
DA:11,1
DA:14,2
DA:16,2
DA:17,2
DA:18,1
DA:19,1
DA:21,1
LF:13
LH:13
BRDA:9,0,0,1
BRDA:9,0,1,2
BRDA:9,1,0,3
BRDA:9,1,1,2
BRF:4
BRH:4
end_of_record
TN:
SF:src/middlewares/error.middleware.ts
FN:4,(anonymous_0)
FNF:1
FNH:1
FNDA:2,(anonymous_0)
DA:2,1
DA:4,1
DA:10,2
DA:11,1
DA:12,1
DA:15,1
DA:16,1
LF:7
LH:7
BRDA:10,0,0,1
BRDA:10,0,1,1
BRF:2
BRH:2
end_of_record
TN:
SF:src/middlewares/validate.middleware.ts
FN:4,(anonymous_0)
FN:5,(anonymous_1)
FN:12,(anonymous_2)
FNF:3
FNH:3
FNDA:3,(anonymous_0)
FNDA:3,(anonymous_1)
FNDA:1,(anonymous_2)
DA:4,1
DA:5,3
DA:6,3
DA:8,3
DA:9,1
DA:12,1
DA:14,1
DA:17,2
DA:18,2
LF:9
LH:9
BRDA:8,0,0,1
BRDA:8,0,1,2
BRF:2
BRH:2
end_of_record
TN:
SF:src/repositories/ledger.repository.ts
FN:6,(anonymous_1)
FN:17,(anonymous_2)
FNF:2
FNH:0
FNDA:0,(anonymous_1)
FNDA:0,(anonymous_2)
DA:1,1
DA:2,1
DA:5,1
DA:10,0
DA:18,0
LF:5
LH:3
BRF:0
BRH:0
end_of_record
TN:
SF:src/repositories/transaction.repository.ts
FN:6,(anonymous_1)
FN:20,(anonymous_2)
FN:30,(anonymous_3)
FN:34,(anonymous_4)
FNF:4
FNH:0
FNDA:0,(anonymous_1)
FNDA:0,(anonymous_2)
FNDA:0,(anonymous_3)
FNDA:0,(anonymous_4)
DA:1,1
DA:2,1
DA:5,1
DA:10,0
DA:11,0
DA:17,0
DA:25,0
DA:31,0
DA:35,0
LF:9
LH:3
BRDA:31,0,0,0
BRDA:31,0,1,0
BRF:2
BRH:0
end_of_record
TN:
SF:src/repositories/user.repository.ts
FN:6,(anonymous_1)
FN:19,(anonymous_2)
FN:23,(anonymous_3)
FN:27,(anonymous_4)
FNF:4
FNH:0
FNDA:0,(anonymous_1)
FNDA:0,(anonymous_2)
FNDA:0,(anonymous_3)
FNDA:0,(anonymous_4)
DA:1,1
DA:2,1
DA:5,1
DA:9,0
DA:10,0
DA:16,0
DA:20,0
DA:24,0
DA:28,0
LF:9
LH:3
BRDA:20,0,0,0
BRDA:20,0,1,0
BRDA:24,1,0,0
BRDA:24,1,1,0
BRDA:28,2,0,0
BRDA:28,2,1,0
BRF:6
BRH:0
end_of_record
TN:
SF:src/repositories/wallet.repository.ts
FN:6,(anonymous_1)
FN:18,(anonymous_2)
FN:22,(anonymous_3)
FN:26,(anonymous_4)
FN:30,(anonymous_5)
FN:34,(anonymous_6)
FN:38,(anonymous_7)
FNF:7
FNH:0
FNDA:0,(anonymous_1)
FNDA:0,(anonymous_2)
FNDA:0,(anonymous_3)
FNDA:0,(anonymous_4)
FNDA:0,(anonymous_5)
FNDA:0,(anonymous_6)
FNDA:0,(anonymous_7)
DA:1,2
DA:2,2
DA:5,2
DA:7,0
DA:8,0
DA:15,0
DA:19,0
DA:23,0
DA:27,0
DA:31,0
DA:35,0
DA:39,0
LF:12
LH:3
BRDA:19,0,0,0
BRDA:19,0,1,0
BRDA:23,1,0,0
BRDA:23,1,1,0
BRDA:27,2,0,0
BRDA:27,2,1,0
BRDA:31,3,0,0
BRDA:31,3,1,0
BRDA:35,4,0,0
BRDA:35,4,1,0
BRF:10
BRH:0
end_of_record
TN:
SF:src/routes/auth.routes.ts
FNF:0
FNH:0
DA:1,0
DA:2,0
DA:3,0
DA:4,0
DA:6,0
DA:7,0
DA:9,0
DA:10,0
DA:12,0
LF:9
LH:0
BRF:0
BRH:0
end_of_record
TN:
SF:src/routes/wallet.routes.ts
FNF:0
FNH:0
DA:1,0
DA:2,0
DA:3,0
DA:4,0
DA:5,0
DA:7,0
DA:8,0
DA:10,0
DA:12,0
DA:13,0
DA:14,0
DA:15,0
DA:16,0
DA:18,0
LF:14
LH:0
BRF:0
BRH:0
end_of_record
TN:
SF:src/services/karma.service.ts
FN:8,(anonymous_0)
FN:13,(anonymous_1)
FN:21,(anonymous_2)
FNF:3
FNH:3
FNDA:3,(anonymous_0)
FNDA:4,(anonymous_1)
FNDA:8,(anonymous_2)
DA:1,2
DA:2,2
DA:4,2
DA:9,3
DA:10,3
DA:14,4
DA:18,2
DA:22,8
DA:23,8
DA:33,4
DA:34,4
DA:36,4
LF:12
LH:12
BRDA:18,0,0,2
BRDA:18,0,1,1
BRDA:34,1,0,4
BRDA:34,1,1,2
BRF:4
BRH:4
end_of_record
TN:
SF:src/services/user.service.ts
FN:16,(anonymous_1)
FN:22,(anonymous_2)
FN:48,(anonymous_3)
FNF:3
FNH:3
FNDA:8,(anonymous_1)
FNDA:4,(anonymous_2)
FNDA:4,(anonymous_3)
DA:1,1
DA:2,1
DA:3,1
DA:4,1
DA:5,1
DA:7,1
DA:8,1
DA:9,1
DA:11,1
DA:17,8
DA:18,8
DA:19,8
DA:23,4
DA:24,4
DA:26,3
DA:27,3
DA:29,2
DA:30,2
DA:32,1
DA:34,1
DA:42,1
DA:43,1
DA:45,1
DA:49,4
DA:50,4
DA:52,3
DA:54,2
DA:55,2
DA:57,1
DA:63,1
LF:30
LH:30
BRDA:24,0,0,1
BRDA:24,0,1,3
BRDA:27,1,0,1
BRDA:27,1,1,2
BRDA:30,2,0,1
BRDA:30,2,1,1
BRDA:50,3,0,1
BRDA:50,3,1,3
BRDA:52,4,0,1
BRDA:52,4,1,2
BRDA:55,5,0,1
BRDA:55,5,1,1
BRF:12
BRH:12
end_of_record
TN:
SF:src/services/wallet.service.ts
FN:19,(anonymous_1)
FN:25,(anonymous_2)
FN:31,(anonymous_3)
FN:44,(anonymous_4)
FN:45,(anonymous_5)
FN:105,(anonymous_6)
FN:106,(anonymous_7)
FN:200,(anonymous_8)
FN:201,(anonymous_9)
FN:270,(anonymous_10)
FN:279,(anonymous_11)
FNF:11
FNH:11
FNDA:14,(anonymous_1)
FNDA:14,(anonymous_2)
FNDA:5,(anonymous_3)
FNDA:2,(anonymous_4)
FNDA:2,(anonymous_5)
FNDA:5,(anonymous_6)
FNDA:5,(anonymous_7)
FNDA:3,(anonymous_8)
FNDA:3,(anonymous_9)
FNDA:2,(anonymous_10)
FNDA:2,(anonymous_11)
DA:1,1
DA:2,1
DA:3,1
DA:4,1
DA:11,1
DA:12,1
DA:14,1
DA:20,14
DA:21,14
DA:22,14
DA:26,14
DA:27,14
DA:28,12
DA:36,5
DA:37,2
DA:45,2
DA:46,2
DA:48,2
DA:61,2
DA:65,2
DA:67,1
DA:68,1
DA:70,1
DA:72,1
DA:83,1
DA:95,1
DA:101,1
DA:106,5
DA:107,5
DA:109,5
DA:112,5
DA:113,1
DA:115,4
DA:116,1
DA:119,3
DA:132,3
DA:133,3
DA:137,3
DA:143,3
DA:145,3
DA:147,3
DA:148,3
DA:150,3
DA:156,2
DA:161,2
DA:167,2
DA:178,2
DA:190,2
DA:196,2
DA:201,3
DA:202,3
DA:204,3
DA:217,3
DA:221,3
DA:223,2
DA:225,2
DA:231,1
DA:237,1
DA:248,1
DA:260,1
DA:266,1
DA:271,2
DA:272,1
DA:280,2
DA:281,1
LF:65
LH:65
BRDA:27,0,0,2
BRDA:27,0,1,12
BRDA:36,1,0,2
BRDA:36,1,1,3
BRDA:65,2,0,1
BRDA:65,2,1,1
BRDA:112,3,0,1
BRDA:112,3,1,4
BRDA:115,4,0,1
BRDA:115,4,1,3
BRDA:127,5,0,3
BRDA:127,5,1,3
BRDA:143,6,0,2
BRDA:143,6,1,1
BRDA:145,7,0,1
BRDA:145,7,1,2
BRDA:212,8,0,3
BRDA:212,8,1,3
BRDA:221,9,0,1
BRDA:221,9,1,2
BRF:20
BRH:20
end_of_record
TN:
SF:src/types/express.d.ts
FNF:0
FNH:0
LF:0
LH:0
BRF:0
BRH:0
end_of_record
TN:
SF:src/utils/asyncHandler.ts
FN:3,(anonymous_0)
FN:6,(anonymous_1)
FNF:2
FNH:0
FNDA:0,(anonymous_0)
FNDA:0,(anonymous_1)
DA:3,0
DA:6,0
DA:7,0
LF:3
LH:0
BRF:0
BRH:0
end_of_record
TN:
SF:src/utils/errors.ts
FN:2,(anonymous_0)
FNF:1
FNH:1
FNDA:19,(anonymous_0)
DA:1,5
DA:3,19
DA:6,19
DA:7,19
LF:4
LH:4
BRF:0
BRH:0
end_of_record
TN:
SF:src/utils/helpers.ts
FN:4,(anonymous_0)
FN:12,(anonymous_1)
FN:16,(anonymous_2)
FN:24,(anonymous_3)
FNF:4
FNH:4
FNDA:4,(anonymous_0)
FNDA:11,(anonymous_1)
FNDA:5,(anonymous_2)
FNDA:4,(anonymous_3)
DA:1,3
DA:4,3
DA:5,4
DA:6,4
DA:9,4
DA:12,3
DA:13,11
DA:16,3
DA:17,5
DA:18,5
DA:24,4
LF:11
LH:11
BRF:0
BRH:0
end_of_record
TN:
SF:src/validators/index.ts
FNF:0
FNH:0
DA:1,1
DA:3,1
DA:11,1
DA:16,1
DA:20,1
DA:26,1
LF:6
LH:6
BRF:0
BRH:0
end_of_record
